<?xml version="1.0" encoding="UTF-8"?>
<!-- Generated by org.testng.reporters.JUnitXMLReporter -->
<testsuite ignored="0" hostname="codespaces-fade21" failures="0" tests="6" name="Surefire test" time="18.937" errors="0" timestamp="2026-04-01T22:22:47 UTC">
  <testcase classname="tests.HousingSortingTests" name="verifyDefaultSortingOptions" time="2.022"/>
  <testcase classname="tests.HousingSortingTests" name="verifyNewestSort" time="2.0"/>
  <testcase classname="tests.HousingSortingTests" name="verifyOldestSort" time="2.416"/>
  <testcase classname="tests.HousingSortingTests" name="verifyPriceAscendingSort" time="2.392"/>
  <testcase classname="tests.HousingSortingTests" name="verifyPriceDescendingSort" time="2.613"/>
  <testcase classname="tests.HousingSortingTests" name="verifySortingOptionsAfterSearch" time="2.121"/>
</testsuite> <!-- Surefire test -->
