<?xml version="1.0" encoding="UTF-8"?>
<testng-results ignored="0" total="6" passed="6" failed="0" skipped="0">
  <reporter-output>
  </reporter-output>
  <suite started-at="2026-04-01T22:22:28 UTC" name="Surefire suite" finished-at="2026-04-01T22:22:47 UTC" duration-ms="18937">
    <groups>
    </groups>
    <test started-at="2026-04-01T22:22:28 UTC" name="Surefire test" finished-at="2026-04-01T22:22:47 UTC" duration-ms="18937">
      <class name="tests.HousingSortingTests">
        <test-method is-config="true" signature="setup(java.lang.reflect.Method,org.testng.ITestContext)[pri:0, instance:tests.HousingSortingTests@23bb8443]" started-at="2026-04-01T22:22:28 UTC" name="setup" finished-at="2026-04-01T22:22:31 UTC" duration-ms="2780" status="PASS">
          <params>
            <param index="0">
              <value>
                <![CDATA[public void tests.HousingSortingTests.verifyDefaultSortingOptions()]]>
              </value>
            </param>
            <param index="1">
              <value>
                <![CDATA[org.testng.TestRunner@2f953efd]]>
              </value>
            </param>
          </params>
          <reporter-output>
          </reporter-output>
        </test-method> <!-- setup -->
        <test-method signature="verifyDefaultSortingOptions()[pri:0, instance:tests.HousingSortingTests@23bb8443]" started-at="2026-04-01T22:22:31 UTC" name="verifyDefaultSortingOptions" description="Verify default sorting options on Housing page" finished-at="2026-04-01T22:22:33 UTC" duration-ms="2022" status="PASS">
          <reporter-output>
          </reporter-output>
        </test-method> <!-- verifyDefaultSortingOptions -->
        <test-method is-config="true" signature="teardown()[pri:0, instance:tests.HousingSortingTests@23bb8443]" started-at="2026-04-01T22:22:33 UTC" name="teardown" finished-at="2026-04-01T22:22:33 UTC" duration-ms="50" status="PASS">
          <reporter-output>
          </reporter-output>
        </test-method> <!-- teardown -->
        <test-method is-config="true" signature="setup(java.lang.reflect.Method,org.testng.ITestContext)[pri:0, instance:tests.HousingSortingTests@23bb8443]" started-at="2026-04-01T22:22:33 UTC" name="setup" finished-at="2026-04-01T22:22:33 UTC" duration-ms="429" status="PASS">
          <params>
            <param index="0">
              <value>
                <![CDATA[public void tests.HousingSortingTests.verifyNewestSort()]]>
              </value>
            </param>
            <param index="1">
              <value>
                <![CDATA[org.testng.TestRunner@2f953efd]]>
              </value>
            </param>
          </params>
          <reporter-output>
          </reporter-output>
        </test-method> <!-- setup -->
        <test-method signature="verifyNewestSort()[pri:0, instance:tests.HousingSortingTests@23bb8443]" started-at="2026-04-01T22:22:33 UTC" name="verifyNewestSort" description="Verify sorting by newest" finished-at="2026-04-01T22:22:35 UTC" duration-ms="2000" status="PASS">
          <reporter-output>
          </reporter-output>
        </test-method> <!-- verifyNewestSort -->
        <test-method is-config="true" signature="teardown()[pri:0, instance:tests.HousingSortingTests@23bb8443]" started-at="2026-04-01T22:22:35 UTC" name="teardown" finished-at="2026-04-01T22:22:35 UTC" duration-ms="39" status="PASS">
          <reporter-output>
          </reporter-output>
        </test-method> <!-- teardown -->
        <test-method is-config="true" signature="setup(java.lang.reflect.Method,org.testng.ITestContext)[pri:0, instance:tests.HousingSortingTests@23bb8443]" started-at="2026-04-01T22:22:35 UTC" name="setup" finished-at="2026-04-01T22:22:36 UTC" duration-ms="424" status="PASS">
          <params>
            <param index="0">
              <value>
                <![CDATA[public void tests.HousingSortingTests.verifyOldestSort()]]>
              </value>
            </param>
            <param index="1">
              <value>
                <![CDATA[org.testng.TestRunner@2f953efd]]>
              </value>
            </param>
          </params>
          <reporter-output>
          </reporter-output>
        </test-method> <!-- setup -->
        <test-method signature="verifyOldestSort()[pri:0, instance:tests.HousingSortingTests@23bb8443]" started-at="2026-04-01T22:22:36 UTC" name="verifyOldestSort" description="Verify sorting by oldest" finished-at="2026-04-01T22:22:38 UTC" duration-ms="2416" status="PASS">
          <reporter-output>
          </reporter-output>
        </test-method> <!-- verifyOldestSort -->
        <test-method is-config="true" signature="teardown()[pri:0, instance:tests.HousingSortingTests@23bb8443]" started-at="2026-04-01T22:22:38 UTC" name="teardown" finished-at="2026-04-01T22:22:38 UTC" duration-ms="44" status="PASS">
          <reporter-output>
          </reporter-output>
        </test-method> <!-- teardown -->
        <test-method is-config="true" signature="setup(java.lang.reflect.Method,org.testng.ITestContext)[pri:0, instance:tests.HousingSortingTests@23bb8443]" started-at="2026-04-01T22:22:38 UTC" name="setup" finished-at="2026-04-01T22:22:38 UTC" duration-ms="466" status="PASS">
          <params>
            <param index="0">
              <value>
                <![CDATA[public void tests.HousingSortingTests.verifyPriceAscendingSort()]]>
              </value>
            </param>
            <param index="1">
              <value>
                <![CDATA[org.testng.TestRunner@2f953efd]]>
              </value>
            </param>
          </params>
          <reporter-output>
          </reporter-output>
        </test-method> <!-- setup -->
        <test-method signature="verifyPriceAscendingSort()[pri:0, instance:tests.HousingSortingTests@23bb8443]" started-at="2026-04-01T22:22:38 UTC" name="verifyPriceAscendingSort" description="Verify sorting by price ascending ($ → $$$)" finished-at="2026-04-01T22:22:41 UTC" duration-ms="2392" status="PASS">
          <reporter-output>
          </reporter-output>
        </test-method> <!-- verifyPriceAscendingSort -->
        <test-method is-config="true" signature="teardown()[pri:0, instance:tests.HousingSortingTests@23bb8443]" started-at="2026-04-01T22:22:41 UTC" name="teardown" finished-at="2026-04-01T22:22:41 UTC" duration-ms="40" status="PASS">
          <reporter-output>
          </reporter-output>
        </test-method> <!-- teardown -->
        <test-method is-config="true" signature="setup(java.lang.reflect.Method,org.testng.ITestContext)[pri:0, instance:tests.HousingSortingTests@23bb8443]" started-at="2026-04-01T22:22:41 UTC" name="setup" finished-at="2026-04-01T22:22:41 UTC" duration-ms="433" status="PASS">
          <params>
            <param index="0">
              <value>
                <![CDATA[public void tests.HousingSortingTests.verifyPriceDescendingSort()]]>
              </value>
            </param>
            <param index="1">
              <value>
                <![CDATA[org.testng.TestRunner@2f953efd]]>
              </value>
            </param>
          </params>
          <reporter-output>
          </reporter-output>
        </test-method> <!-- setup -->
        <test-method signature="verifyPriceDescendingSort()[pri:0, instance:tests.HousingSortingTests@23bb8443]" started-at="2026-04-01T22:22:41 UTC" name="verifyPriceDescendingSort" description="Verify sorting by price descending ($$$ → $)" finished-at="2026-04-01T22:22:44 UTC" duration-ms="2613" status="PASS">
          <reporter-output>
          </reporter-output>
        </test-method> <!-- verifyPriceDescendingSort -->
        <test-method is-config="true" signature="teardown()[pri:0, instance:tests.HousingSortingTests@23bb8443]" started-at="2026-04-01T22:22:44 UTC" name="teardown" finished-at="2026-04-01T22:22:44 UTC" duration-ms="48" status="PASS">
          <reporter-output>
          </reporter-output>
        </test-method> <!-- teardown -->
        <test-method is-config="true" signature="setup(java.lang.reflect.Method,org.testng.ITestContext)[pri:0, instance:tests.HousingSortingTests@23bb8443]" started-at="2026-04-01T22:22:44 UTC" name="setup" finished-at="2026-04-01T22:22:44 UTC" duration-ms="450" status="PASS">
          <params>
            <param index="0">
              <value>
                <![CDATA[public void tests.HousingSortingTests.verifySortingOptionsAfterSearch()]]>
              </value>
            </param>
            <param index="1">
              <value>
                <![CDATA[org.testng.TestRunner@2f953efd]]>
              </value>
            </param>
          </params>
          <reporter-output>
          </reporter-output>
        </test-method> <!-- setup -->
        <test-method signature="verifySortingOptionsAfterSearch()[pri:0, instance:tests.HousingSortingTests@23bb8443]" started-at="2026-04-01T22:22:44 UTC" name="verifySortingOptionsAfterSearch" description="Verify sorting options remain same after performing a search" finished-at="2026-04-01T22:22:47 UTC" duration-ms="2121" status="PASS">
          <reporter-output>
          </reporter-output>
        </test-method> <!-- verifySortingOptionsAfterSearch -->
        <test-method is-config="true" signature="teardown()[pri:0, instance:tests.HousingSortingTests@23bb8443]" started-at="2026-04-01T22:22:47 UTC" name="teardown" finished-at="2026-04-01T22:22:47 UTC" duration-ms="89" status="PASS">
          <reporter-output>
          </reporter-output>
        </test-method> <!-- teardown -->
      </class> <!-- tests.HousingSortingTests -->
    </test> <!-- Surefire test -->
  </suite> <!-- Surefire suite -->
</testng-results>
