<?xml version="1.0" encoding="UTF-8"?>
<!-- Generated by org.testng.reporters.JUnitReportReporter -->
<testsuite hostname="codespaces-fade21" failures="0" tests="6" name="tests.HousingSortingTests" time="18.856" errors="0" timestamp="2026-04-01T22:22:47 UTC" skipped="0">
  <testcase classname="tests.HousingSortingTests" name="verifyOldestSort" time="2.926"/>
  <testcase classname="tests.HousingSortingTests" name="verifyPriceAscendingSort" time="5.220"/>
  <testcase classname="tests.HousingSortingTests" name="verifyPriceDescendingSort" time="3.135"/>
  <testcase classname="tests.HousingSortingTests" name="verifySortingOptionsAfterSearch" time="2.610"/>
  <testcase classname="tests.HousingSortingTests" name="verifyNewestSort" time="2.479"/>
  <testcase classname="tests.HousingSortingTests" name="verifyDefaultSortingOptions" time="2.486"/>
</testsuite> <!-- tests.HousingSortingTests -->
